<?xml version="1.0" encoding="UTF-8"?>
<robot generator="Robot 7.0 (Python 3.12.3 on darwin)" generated="2026-03-14T19:45:07.528659" rpa="false" schemaversion="5">
<suite id="s1" name="Index" source="/Users/parinceee/Documents/PO/QA-Automate/robot/agnos-e2e-robot/tests/index.robot">
<test id="s1-t1" name="Open Agnos" line="24">
<kw name="Open Agnos Browser">
<kw name="Get Environment Variable" owner="OperatingSystem">
<msg time="2026-03-14T19:45:07.681913" level="INFO">${home} = /Users/parinceee</msg>
<var>${home}</var>
<arg>HOME</arg>
<doc>Returns the value of an environment variable with the given name.</doc>
<status status="PASS" start="2026-03-14T19:45:07.681789" elapsed="0.000147"/>
</kw>
<kw name="Open Browser" owner="SeleniumLibrary">
<msg time="2026-03-14T19:45:07.682285" level="WARN">exexcutable_path is being deprecated. Please use service to configure the driver's executable_path as per documentation.</msg>
<msg time="2026-03-14T19:45:07.682359" level="INFO">Opening browser 'chrome' to base url 'https://dev.app.agnoshealth.com/ai_dashboard/'.</msg>
<arg>${server}</arg>
<arg>${browser}</arg>
<arg>options=binary_location="/${home}/Documents/Chrome/Google Chrome for Testing.app/Contents/MacOS/Google Chrome for Testing";add_experimental_option("detach", True)</arg>
<arg>executable_path=/${home}/Documents/Chrome/chromedriver</arg>
<doc>Opens a new browser instance to the optional ``url``.</doc>
<status status="PASS" start="2026-03-14T19:45:07.682053" elapsed="15.972977"/>
</kw>
<kw name="Maximize Browser Window" owner="SeleniumLibrary">
<doc>Maximizes current browser window.</doc>
<status status="PASS" start="2026-03-14T19:45:23.655969" elapsed="0.162249"/>
</kw>
<kw name="Sleep" owner="BuiltIn">
<msg time="2026-03-14T19:45:33.823656" level="INFO">Slept 10 seconds.</msg>
<arg>10s</arg>
<doc>Pauses the test executed for the given time.</doc>
<status status="PASS" start="2026-03-14T19:45:23.818539" elapsed="10.007274"/>
</kw>
<status status="PASS" start="2026-03-14T19:45:07.681195" elapsed="26.145997"/>
</kw>
<status status="PASS" start="2026-03-14T19:45:07.680842" elapsed="26.147377"/>
</test>
<status status="PASS" start="2026-03-14T19:45:07.529611" elapsed="26.300589"/>
</suite>
<statistics>
<total>
<stat pass="1" fail="0" skip="0">All Tests</stat>
</total>
<tag>
</tag>
<suite>
<stat pass="1" fail="0" skip="0" id="s1" name="Index">Index</stat>
</suite>
</statistics>
<errors>
<msg time="2026-03-14T19:45:07.682285" level="WARN">exexcutable_path is being deprecated. Please use service to configure the driver's executable_path as per documentation.</msg>
</errors>
</robot>
